2025-05-10 14:04:51,330 - werkzeug - INFO - [31m[1mWARNING: This is a development server. Do not use it in a production deployment. Use a production WSGI server instead.[0m
 * Running on all addresses (0.0.0.0)
 * Running on http://127.0.0.1:5000
 * Running on http://192.168.100.76:5000
2025-05-10 14:04:51,331 - werkzeug - INFO - [33mPress CTRL+C to quit[0m
2025-05-10 14:04:51,365 - werkzeug - INFO -  * Restarting with watchdog (windowsapi)
2025-05-10 14:04:54,798 - werkzeug - WARNING -  * Debugger is active!
2025-05-10 14:04:54,835 - werkzeug - INFO -  * Debugger PIN: 210-370-660
2025-05-10 14:05:37,195 - werkzeug - INFO - 127.0.0.1 - - [10/May/2025 14:05:37] "GET / HTTP/1.1" 200 -
2025-05-10 14:05:37,897 - werkzeug - INFO - 127.0.0.1 - - [10/May/2025 14:05:37] "[33mGET /favicon.ico HTTP/1.1[0m" 404 -
2025-05-10 14:06:29,439 - werkzeug - INFO - 127.0.0.1 - - [10/May/2025 14:06:29] "GET /fund/project_1 HTTP/1.1" 200 -
2025-05-10 14:06:55,841 - werkzeug - INFO - 127.0.0.1 - - [10/May/2025 14:06:55] "GET /dashboard HTTP/1.1" 200 -
2025-05-10 14:10:04,516 - werkzeug - INFO -  * Detected change in 'C:\\Users\\coxs-ally\\anaconda3\\Lib\\site-packages\\gunicorn\\__init__.py', reloading
2025-05-10 14:10:04,516 - werkzeug - INFO -  * Detected change in 'C:\\Users\\coxs-ally\\anaconda3\\Lib\\site-packages\\gunicorn\\__init__.py', reloading
2025-05-10 14:10:04,516 - werkzeug - INFO -  * Detected change in 'C:\\Users\\coxs-ally\\anaconda3\\Lib\\site-packages\\gunicorn\\__main__.py', reloading
2025-05-10 14:10:04,516 - werkzeug - INFO -  * Detected change in 'C:\\Users\\coxs-ally\\anaconda3\\Lib\\site-packages\\gunicorn\\__main__.py', reloading
2025-05-10 14:10:04,531 - werkzeug - INFO -  * Detected change in 'C:\\Users\\coxs-ally\\anaconda3\\Lib\\site-packages\\gunicorn\\arbiter.py', reloading
2025-05-10 14:10:04,533 - werkzeug - INFO -  * Detected change in 'C:\\Users\\coxs-ally\\anaconda3\\Lib\\site-packages\\gunicorn\\arbiter.py', reloading
2025-05-10 14:10:04,534 - werkzeug - INFO -  * Detected change in 'C:\\Users\\coxs-ally\\anaconda3\\Lib\\site-packages\\gunicorn\\config.py', reloading
2025-05-10 14:10:04,534 - werkzeug - INFO -  * Detected change in 'C:\\Users\\coxs-ally\\anaconda3\\Lib\\site-packages\\gunicorn\\config.py', reloading
2025-05-10 14:10:04,534 - werkzeug - INFO -  * Detected change in 'C:\\Users\\coxs-ally\\anaconda3\\Lib\\site-packages\\gunicorn\\debug.py', reloading
2025-05-10 14:10:04,534 - werkzeug - INFO -  * Detected change in 'C:\\Users\\coxs-ally\\anaconda3\\Lib\\site-packages\\gunicorn\\debug.py', reloading
2025-05-10 14:10:04,534 - werkzeug - INFO -  * Detected change in 'C:\\Users\\coxs-ally\\anaconda3\\Lib\\site-packages\\gunicorn\\errors.py', reloading
2025-05-10 14:10:04,534 - werkzeug - INFO -  * Detected change in 'C:\\Users\\coxs-ally\\anaconda3\\Lib\\site-packages\\gunicorn\\errors.py', reloading
2025-05-10 14:10:04,534 - werkzeug - INFO -  * Detected change in 'C:\\Users\\coxs-ally\\anaconda3\\Lib\\site-packages\\gunicorn\\glogging.py', reloading
2025-05-10 14:10:04,549 - werkzeug - INFO -  * Detected change in 'C:\\Users\\coxs-ally\\anaconda3\\Lib\\site-packages\\gunicorn\\glogging.py', reloading
2025-05-10 14:10:04,549 - werkzeug - INFO -  * Detected change in 'C:\\Users\\coxs-ally\\anaconda3\\Lib\\site-packages\\gunicorn\\pidfile.py', reloading
2025-05-10 14:10:04,549 - werkzeug - INFO -  * Detected change in 'C:\\Users\\coxs-ally\\anaconda3\\Lib\\site-packages\\gunicorn\\pidfile.py', reloading
2025-05-10 14:10:04,549 - werkzeug - INFO -  * Detected change in 'C:\\Users\\coxs-ally\\anaconda3\\Lib\\site-packages\\gunicorn\\reloader.py', reloading
2025-05-10 14:10:04,549 - werkzeug - INFO -  * Detected change in 'C:\\Users\\coxs-ally\\anaconda3\\Lib\\site-packages\\gunicorn\\reloader.py', reloading
2025-05-10 14:10:04,549 - werkzeug - INFO -  * Detected change in 'C:\\Users\\coxs-ally\\anaconda3\\Lib\\site-packages\\gunicorn\\sock.py', reloading
2025-05-10 14:10:04,549 - werkzeug - INFO -  * Detected change in 'C:\\Users\\coxs-ally\\anaconda3\\Lib\\site-packages\\gunicorn\\sock.py', reloading
2025-05-10 14:10:04,549 - werkzeug - INFO -  * Detected change in 'C:\\Users\\coxs-ally\\anaconda3\\Lib\\site-packages\\gunicorn\\systemd.py', reloading
2025-05-10 14:10:04,549 - werkzeug - INFO -  * Detected change in 'C:\\Users\\coxs-ally\\anaconda3\\Lib\\site-packages\\gunicorn\\systemd.py', reloading
2025-05-10 14:10:04,562 - werkzeug - INFO -  * Detected change in 'C:\\Users\\coxs-ally\\anaconda3\\Lib\\site-packages\\gunicorn\\util.py', reloading
2025-05-10 14:10:04,565 - werkzeug - INFO -  * Detected change in 'C:\\Users\\coxs-ally\\anaconda3\\Lib\\site-packages\\gunicorn\\util.py', reloading
2025-05-10 14:10:04,565 - werkzeug - INFO -  * Detected change in 'C:\\Users\\coxs-ally\\anaconda3\\Lib\\site-packages\\gunicorn\\app\\__init__.py', reloading
2025-05-10 14:10:04,565 - werkzeug - INFO -  * Detected change in 'C:\\Users\\coxs-ally\\anaconda3\\Lib\\site-packages\\gunicorn\\app\\__init__.py', reloading
2025-05-10 14:10:04,565 - werkzeug - INFO -  * Detected change in 'C:\\Users\\coxs-ally\\anaconda3\\Lib\\site-packages\\gunicorn\\app\\__init__.py', reloading
2025-05-10 14:10:04,565 - werkzeug - INFO -  * Detected change in 'C:\\Users\\coxs-ally\\anaconda3\\Lib\\site-packages\\gunicorn\\app\\base.py', reloading
2025-05-10 14:10:04,565 - werkzeug - INFO -  * Detected change in 'C:\\Users\\coxs-ally\\anaconda3\\Lib\\site-packages\\gunicorn\\app\\base.py', reloading
2025-05-10 14:10:04,565 - werkzeug - INFO -  * Detected change in 'C:\\Users\\coxs-ally\\anaconda3\\Lib\\site-packages\\gunicorn\\app\\pasterapp.py', reloading
2025-05-10 14:10:04,565 - werkzeug - INFO -  * Detected change in 'C:\\Users\\coxs-ally\\anaconda3\\Lib\\site-packages\\gunicorn\\app\\pasterapp.py', reloading
2025-05-10 14:10:04,580 - werkzeug - INFO -  * Detected change in 'C:\\Users\\coxs-ally\\anaconda3\\Lib\\site-packages\\gunicorn\\app\\wsgiapp.py', reloading
2025-05-10 14:10:04,582 - werkzeug - INFO -  * Detected change in 'C:\\Users\\coxs-ally\\anaconda3\\Lib\\site-packages\\gunicorn\\app\\wsgiapp.py', reloading
2025-05-10 14:10:04,582 - werkzeug - INFO -  * Detected change in 'C:\\Users\\coxs-ally\\anaconda3\\Lib\\site-packages\\gunicorn\\http\\__init__.py', reloading
2025-05-10 14:10:04,582 - werkzeug - INFO -  * Detected change in 'C:\\Users\\coxs-ally\\anaconda3\\Lib\\site-packages\\gunicorn\\http\\__init__.py', reloading
2025-05-10 14:10:04,582 - werkzeug - INFO -  * Detected change in 'C:\\Users\\coxs-ally\\anaconda3\\Lib\\site-packages\\gunicorn\\http\\__init__.py', reloading
2025-05-10 14:10:04,582 - werkzeug - INFO -  * Detected change in 'C:\\Users\\coxs-ally\\anaconda3\\Lib\\site-packages\\gunicorn\\http\\body.py', reloading
2025-05-10 14:10:04,582 - werkzeug - INFO -  * Detected change in 'C:\\Users\\coxs-ally\\anaconda3\\Lib\\site-packages\\gunicorn\\http\\body.py', reloading
2025-05-10 14:10:04,582 - werkzeug - INFO -  * Detected change in 'C:\\Users\\coxs-ally\\anaconda3\\Lib\\site-packages\\gunicorn\\http\\errors.py', reloading
2025-05-10 14:10:04,582 - werkzeug - INFO -  * Detected change in 'C:\\Users\\coxs-ally\\anaconda3\\Lib\\site-packages\\gunicorn\\http\\errors.py', reloading
2025-05-10 14:10:04,582 - werkzeug - INFO -  * Detected change in 'C:\\Users\\coxs-ally\\anaconda3\\Lib\\site-packages\\gunicorn\\http\\message.py', reloading
2025-05-10 14:10:04,597 - werkzeug - INFO -  * Detected change in 'C:\\Users\\coxs-ally\\anaconda3\\Lib\\site-packages\\gunicorn\\http\\message.py', reloading
2025-05-10 14:10:04,599 - werkzeug - INFO -  * Detected change in 'C:\\Users\\coxs-ally\\anaconda3\\Lib\\site-packages\\gunicorn\\http\\parser.py', reloading
2025-05-10 14:10:04,599 - werkzeug - INFO -  * Detected change in 'C:\\Users\\coxs-ally\\anaconda3\\Lib\\site-packages\\gunicorn\\http\\parser.py', reloading
2025-05-10 14:10:04,599 - werkzeug - INFO -  * Detected change in 'C:\\Users\\coxs-ally\\anaconda3\\Lib\\site-packages\\gunicorn\\http\\unreader.py', reloading
2025-05-10 14:10:04,599 - werkzeug - INFO -  * Detected change in 'C:\\Users\\coxs-ally\\anaconda3\\Lib\\site-packages\\gunicorn\\http\\unreader.py', reloading
2025-05-10 14:10:04,599 - werkzeug - INFO -  * Detected change in 'C:\\Users\\coxs-ally\\anaconda3\\Lib\\site-packages\\gunicorn\\http\\wsgi.py', reloading
2025-05-10 14:10:04,599 - werkzeug - INFO -  * Detected change in 'C:\\Users\\coxs-ally\\anaconda3\\Lib\\site-packages\\gunicorn\\http\\wsgi.py', reloading
2025-05-10 14:10:04,599 - werkzeug - INFO -  * Detected change in 'C:\\Users\\coxs-ally\\anaconda3\\Lib\\site-packages\\gunicorn\\instrument\\statsd.py', reloading
2025-05-10 14:10:04,599 - werkzeug - INFO -  * Detected change in 'C:\\Users\\coxs-ally\\anaconda3\\Lib\\site-packages\\gunicorn\\instrument\\__init__.py', reloading
2025-05-10 14:10:04,599 - werkzeug - INFO -  * Detected change in 'C:\\Users\\coxs-ally\\anaconda3\\Lib\\site-packages\\gunicorn\\instrument\\__init__.py', reloading
2025-05-10 14:10:04,599 - werkzeug - INFO -  * Detected change in 'C:\\Users\\coxs-ally\\anaconda3\\Lib\\site-packages\\gunicorn\\instrument\\statsd.py', reloading
2025-05-10 14:10:04,613 - werkzeug - INFO -  * Detected change in 'C:\\Users\\coxs-ally\\anaconda3\\Lib\\site-packages\\gunicorn\\instrument\\statsd.py', reloading
2025-05-10 14:10:04,615 - werkzeug - INFO -  * Detected change in 'C:\\Users\\coxs-ally\\anaconda3\\Lib\\site-packages\\gunicorn\\workers\\base.py', reloading
2025-05-10 14:10:04,615 - werkzeug - INFO -  * Detected change in 'C:\\Users\\coxs-ally\\anaconda3\\Lib\\site-packages\\gunicorn\\workers\\base_async.py', reloading
2025-05-10 14:10:04,615 - werkzeug - INFO -  * Detected change in 'C:\\Users\\coxs-ally\\anaconda3\\Lib\\site-packages\\gunicorn\\workers\\__init__.py', reloading
2025-05-10 14:10:04,615 - werkzeug - INFO -  * Detected change in 'C:\\Users\\coxs-ally\\anaconda3\\Lib\\site-packages\\gunicorn\\workers\\__init__.py', reloading
2025-05-10 14:10:04,615 - werkzeug - INFO -  * Detected change in 'C:\\Users\\coxs-ally\\anaconda3\\Lib\\site-packages\\gunicorn\\workers\\__init__.py', reloading
2025-05-10 14:10:04,615 - werkzeug - INFO -  * Detected change in 'C:\\Users\\coxs-ally\\anaconda3\\Lib\\site-packages\\gunicorn\\workers\\base.py', reloading
2025-05-10 14:10:04,615 - werkzeug - INFO -  * Detected change in 'C:\\Users\\coxs-ally\\anaconda3\\Lib\\site-packages\\gunicorn\\workers\\base.py', reloading
2025-05-10 14:10:04,615 - werkzeug - INFO -  * Detected change in 'C:\\Users\\coxs-ally\\anaconda3\\Lib\\site-packages\\gunicorn\\workers\\base_async.py', reloading
2025-05-10 14:10:04,615 - werkzeug - INFO -  * Detected change in 'C:\\Users\\coxs-ally\\anaconda3\\Lib\\site-packages\\gunicorn\\workers\\base_async.py', reloading
2025-05-10 14:10:04,615 - werkzeug - INFO -  * Detected change in 'C:\\Users\\coxs-ally\\anaconda3\\Lib\\site-packages\\gunicorn\\workers\\geventlet.py', reloading
2025-05-10 14:10:04,615 - werkzeug - INFO -  * Detected change in 'C:\\Users\\coxs-ally\\anaconda3\\Lib\\site-packages\\gunicorn\\workers\\geventlet.py', reloading
2025-05-10 14:10:04,630 - werkzeug - INFO -  * Detected change in 'C:\\Users\\coxs-ally\\anaconda3\\Lib\\site-packages\\gunicorn\\workers\\ggevent.py', reloading
2025-05-10 14:10:04,632 - werkzeug - INFO -  * Detected change in 'C:\\Users\\coxs-ally\\anaconda3\\Lib\\site-packages\\gunicorn\\workers\\ggevent.py', reloading
2025-05-10 14:10:04,632 - werkzeug - INFO -  * Detected change in 'C:\\Users\\coxs-ally\\anaconda3\\Lib\\site-packages\\gunicorn\\workers\\gthread.py', reloading
2025-05-10 14:10:04,632 - werkzeug - INFO -  * Detected change in 'C:\\Users\\coxs-ally\\anaconda3\\Lib\\site-packages\\gunicorn\\workers\\gthread.py', reloading
2025-05-10 14:10:04,632 - werkzeug - INFO -  * Detected change in 'C:\\Users\\coxs-ally\\anaconda3\\Lib\\site-packages\\gunicorn\\workers\\gtornado.py', reloading
2025-05-10 14:10:04,632 - werkzeug - INFO -  * Detected change in 'C:\\Users\\coxs-ally\\anaconda3\\Lib\\site-packages\\gunicorn\\workers\\gtornado.py', reloading
2025-05-10 14:10:04,632 - werkzeug - INFO -  * Detected change in 'C:\\Users\\coxs-ally\\anaconda3\\Lib\\site-packages\\gunicorn\\workers\\sync.py', reloading
2025-05-10 14:10:04,632 - werkzeug - INFO -  * Detected change in 'C:\\Users\\coxs-ally\\anaconda3\\Lib\\site-packages\\gunicorn\\workers\\sync.py', reloading
2025-05-10 14:10:04,632 - werkzeug - INFO -  * Detected change in 'C:\\Users\\coxs-ally\\anaconda3\\Lib\\site-packages\\gunicorn\\workers\\workertmp.py', reloading
2025-05-10 14:10:04,632 - werkzeug - INFO -  * Detected change in 'C:\\Users\\coxs-ally\\anaconda3\\Lib\\site-packages\\gunicorn\\workers\\workertmp.py', reloading
2025-05-10 14:10:05,048 - werkzeug - INFO -  * Restarting with watchdog (windowsapi)
2025-05-10 14:10:09,250 - werkzeug - WARNING -  * Debugger is active!
2025-05-10 14:10:09,266 - werkzeug - INFO -  * Debugger PIN: 210-370-660
2025-05-10 14:10:52,135 - werkzeug - INFO -  * Detected change in 'C:\\AllyGo\\fund-transfer-system\\wsgi.py', reloading
2025-05-10 14:10:53,079 - werkzeug - INFO -  * Restarting with watchdog (windowsapi)
2025-05-10 14:10:57,649 - werkzeug - WARNING -  * Debugger is active!
2025-05-10 14:10:57,655 - werkzeug - INFO -  * Debugger PIN: 210-370-660
2025-05-10 14:11:04,948 - werkzeug - INFO -  * Detected change in 'C:\\AllyGo\\fund-transfer-system\\wsgi.py', reloading
2025-05-10 14:11:06,111 - werkzeug - INFO -  * Restarting with watchdog (windowsapi)
2025-05-10 14:11:09,696 - werkzeug - WARNING -  * Debugger is active!
2025-05-10 14:11:09,696 - werkzeug - INFO -  * Debugger PIN: 210-370-660
2025-05-10 14:14:13,905 - werkzeug - INFO -  * Detected change in 'C:\\AllyGo\\fund-transfer-system\\wsgi.py', reloading
2025-05-10 14:14:14,485 - werkzeug - INFO -  * Restarting with watchdog (windowsapi)
2025-05-10 14:14:18,620 - werkzeug - WARNING -  * Debugger is active!
2025-05-10 14:14:18,635 - werkzeug - INFO -  * Debugger PIN: 210-370-660
2025-05-10 14:26:45,037 - werkzeug - INFO -  * Detected change in 'C:\\AllyGo\\fund-transfer-system\\add_initial_funds.py', reloading
2025-05-10 14:26:45,623 - werkzeug - INFO -  * Restarting with watchdog (windowsapi)
2025-05-10 14:26:49,715 - werkzeug - WARNING -  * Debugger is active!
2025-05-10 14:26:49,728 - werkzeug - INFO -  * Debugger PIN: 210-370-660
2025-05-10 14:27:01,669 - werkzeug - INFO -  * Detected change in 'C:\\AllyGo\\fund-transfer-system\\add_initial_funds.py', reloading
2025-05-10 14:27:02,198 - werkzeug - INFO -  * Restarting with watchdog (windowsapi)
2025-05-10 14:27:06,201 - werkzeug - WARNING -  * Debugger is active!
2025-05-10 14:27:06,210 - werkzeug - INFO -  * Debugger PIN: 210-370-660
2025-05-10 14:43:39,295 - werkzeug - INFO - 127.0.0.1 - - [10/May/2025 14:43:39] "GET / HTTP/1.1" 200 -
2025-05-10 14:43:43,667 - werkzeug - INFO - 127.0.0.1 - - [10/May/2025 14:43:43] "GET / HTTP/1.1" 200 -
2025-05-10 14:45:55,573 - werkzeug - INFO - 127.0.0.1 - - [10/May/2025 14:45:55] "GET / HTTP/1.1" 200 -
2025-05-10 14:52:26,526 - werkzeug - INFO - 127.0.0.1 - - [10/May/2025 14:52:26] "GET / HTTP/1.1" 200 -
2025-05-10 15:21:27,250 - werkzeug - INFO - 127.0.0.1 - - [10/May/2025 15:21:27] "GET / HTTP/1.1" 200 -
2025-05-10 15:21:32,220 - werkzeug - INFO - 127.0.0.1 - - [10/May/2025 15:21:32] "GET /fund/project_3 HTTP/1.1" 200 -
2025-05-10 15:22:53,689 - werkzeug - INFO - 127.0.0.1 - - [10/May/2025 15:22:53] "[33mGET /api/v1/fund/stripe/?amount=5&name=Ahmad%20Dabbag&email=afrojjafar201@gmail.com&message= HTTP/1.1[0m" 404 -
2025-05-10 15:24:10,860 - werkzeug - INFO - 127.0.0.1 - - [10/May/2025 15:24:10] "GET /fund/project_3 HTTP/1.1" 200 -
2025-05-10 15:28:59,263 - werkzeug - INFO - 127.0.0.1 - - [10/May/2025 15:28:59] "GET / HTTP/1.1" 200 -
2025-05-10 15:29:36,894 - werkzeug - INFO - 127.0.0.1 - - [10/May/2025 15:29:36] "GET / HTTP/1.1" 200 -
2025-05-10 15:52:19,794 - werkzeug - INFO - 127.0.0.1 - - [10/May/2025 15:52:19] "[33mGET /favicon.ico HTTP/1.1[0m" 404 -
2025-05-10 16:27:00,710 - werkzeug - INFO -  * Detected change in 'C:\\Users\\coxs-ally\\anaconda3\\Scripts\\conda-script.py', reloading
2025-05-10 16:27:02,489 - werkzeug - INFO -  * Restarting with watchdog (windowsapi)
2025-05-10 16:27:06,433 - werkzeug - WARNING -  * Debugger is active!
2025-05-10 16:27:06,449 - werkzeug - INFO -  * Debugger PIN: 210-370-660
2025-05-10 17:28:47,021 - werkzeug - INFO -  * Detected change in 'C:\\Users\\coxs-ally\\anaconda3\\Scripts\\conda-script.py', reloading
2025-05-10 17:28:59,460 - werkzeug - INFO -  * Restarting with watchdog (windowsapi)
2025-05-10 17:29:13,917 - werkzeug - WARNING -  * Debugger is active!
2025-05-10 17:29:13,941 - werkzeug - INFO -  * Debugger PIN: 210-370-660
2025-05-10 20:05:29,114 - werkzeug - INFO -  * Detected change in 'C:\\Users\\coxs-ally\\anaconda3\\Scripts\\conda-script.py', reloading
2025-05-10 20:05:29,768 - werkzeug - INFO -  * Restarting with watchdog (windowsapi)
2025-05-10 20:05:34,809 - werkzeug - WARNING -  * Debugger is active!
2025-05-10 20:05:34,809 - werkzeug - INFO -  * Debugger PIN: 210-370-660
2025-05-11 05:01:33,738 - werkzeug - INFO -  * Detected change in 'C:\\Users\\coxs-ally\\anaconda3\\Scripts\\conda-script.py', reloading
2025-05-11 05:01:36,317 - werkzeug - INFO -  * Restarting with watchdog (windowsapi)
2025-05-11 05:01:42,230 - werkzeug - WARNING -  * Debugger is active!
2025-05-11 05:01:42,241 - werkzeug - INFO -  * Debugger PIN: 210-370-660
2025-05-11 06:48:44,803 - werkzeug - INFO -  * Detected change in 'C:\\Users\\coxs-ally\\anaconda3\\Scripts\\conda-script.py', reloading
2025-05-11 06:48:46,485 - werkzeug - INFO -  * Restarting with watchdog (windowsapi)
2025-05-11 06:48:51,428 - werkzeug - WARNING -  * Debugger is active!
2025-05-11 06:48:51,436 - werkzeug - INFO -  * Debugger PIN: 210-370-660
2025-05-11 08:40:35,685 - werkzeug - INFO - 192.168.100.76 - - [11/May/2025 08:40:35] "GET / HTTP/1.1" 200 -
2025-05-11 08:40:36,392 - werkzeug - INFO - 192.168.100.76 - - [11/May/2025 08:40:36] "[33mGET /favicon.ico HTTP/1.1[0m" 404 -
2025-05-11 08:40:37,912 - werkzeug - INFO - 192.168.100.76 - - [11/May/2025 08:40:37] "GET / HTTP/1.1" 200 -
2025-05-11 08:41:26,892 - werkzeug - INFO - 192.168.100.76 - - [11/May/2025 08:41:26] "GET / HTTP/1.1" 200 -
2025-05-11 08:41:43,299 - werkzeug - INFO - 192.168.100.76 - - [11/May/2025 08:41:43] "GET /fund/project_1 HTTP/1.1" 200 -
2025-05-11 08:43:26,210 - werkzeug - INFO - 192.168.100.69 - - [11/May/2025 08:43:26] "GET / HTTP/1.1" 200 -
2025-05-11 08:43:29,677 - werkzeug - INFO - 192.168.100.69 - - [11/May/2025 08:43:29] "[33mGET /favicon.ico HTTP/1.1[0m" 404 -
2025-05-11 09:08:17,625 - werkzeug - INFO - 192.168.100.76 - - [11/May/2025 09:08:17] "GET /fund/project_1 HTTP/1.1" 200 -
2025-05-11 09:42:11,102 - werkzeug - INFO - 192.168.100.69 - - [11/May/2025 09:42:11] "GET / HTTP/1.1" 200 -
2025-05-11 09:42:13,072 - werkzeug - INFO - 192.168.100.69 - - [11/May/2025 09:42:13] "[33mGET /favicon.ico HTTP/1.1[0m" 404 -
2025-05-11 13:31:15,002 - werkzeug - INFO - 127.0.0.1 - - [11/May/2025 13:31:15] "GET / HTTP/1.1" 200 -
2025-05-11 13:31:16,260 - werkzeug - INFO - 127.0.0.1 - - [11/May/2025 13:31:16] "[33mGET /favicon.ico HTTP/1.1[0m" 404 -
